[15:23:07] [INIT] KubeJS 2001.6.5-build.16; MC 2001 forge
[15:23:07] [INIT] Loaded plugins:
[15:23:07] [INIT] - dev.latvian.mods.kubejs.forge.BuiltinKubeJSForgePlugin
[15:23:07] [INIT] - com.almostreliable.morejs.Plugin
[15:23:07] [INIT] - pie.ilikepiefoo.AdditionsPlugin
[15:23:07] [INIT] - pie.ilikepiefoo.compat.jei.JEIKubeJSPlugin
[15:23:07] [INIT] - com.lowdragmc.lowdraglib.kjs.LDLibKubeJSPlugin
[15:23:07] [INIT] - dev.ftb.mods.ftbxmodcompat.ftbquests.kubejs.KubeJSIntegration
[15:23:07] [INIT] - dev.ftb.mods.ftbxmodcompat.ftbchunks.kubejs.FTBChunksKubeJSPlugin
[15:23:07] [INIT] - dev.ftb.mods.ftbxmodcompat.ftbteams.kubejs.FTBTeamsKubeJSPlugin
[15:23:07] [INIT] - com.almostreliable.lootjs.kube.LootJSPlugin
[15:23:07] [INIT] - com.sunekaer.sdrp.integration.kubejs.SDRPKubeJSIntegration
[15:23:07] [INIT] - com.lowdragmc.mbd2.integration.kubejs.MBDKubeJSPlugin
[15:23:07] [INIT] - com.almostreliable.ponderjs.KubePlugin
[15:23:07] [INIT] - dev.latvian.mods.kubejs.thermal.KubeJSThermalPlugin
[15:23:07] [INIT] - dev.latvian.mods.kubejs.create.KubeJSCreatePlugin
[15:23:07] [INIT] - com.klikli_dev.occultism_kubejs.KubeJSOccultismPlugin
[15:23:07] [INFO] _helper.js#4: Loaded Java class 'net.minecraft.core.Registry'
[15:23:07] [INFO] _helper.js#6: Loaded Java class 'net.minecraft.tags.TagKey'
[15:23:07] [INFO] _helper.js#7: Loaded Java class 'net.minecraft.core.Direction$AxisDirection'
[15:23:07] [INFO] _helper.js#9: Loaded Java class 'java.util.Random'
[15:23:07] [INFO] _helper.js#10: Loaded Java class 'dev.latvian.mods.kubejs.item.InputItem'
[15:23:07] [INFO] _helper.js#11: Loaded Java class 'dev.latvian.mods.kubejs.item.OutputItem'
[15:23:07] [INFO] _helper.js#12: Loaded Java class 'dev.latvian.mods.kubejs.fluid.InputFluid'
[15:23:07] [INFO] _helper.js#13: Loaded Java class 'dev.latvian.mods.kubejs.fluid.OutputFluid'
[15:23:07] [INFO] _helper.js#14: Loaded Java class 'dev.latvian.mods.kubejs.fluid.FluidStackJS'
[15:23:07] [INFO] _helper.js#15: Loaded Java class 'com.google.gson.JsonObject'
[15:23:07] [INFO] _helper.js#17: Loaded Java class 'net.minecraft.world.level.Level'
[15:23:07] [INFO] Loaded script server_scripts:_helper.js in 0.037 s
[15:23:07] [INFO] Loaded script server_scripts:recipes/metallurgy.js in 0.009 s
[15:23:07] [INFO] Loaded script server_scripts:recipes/chapters.js in 0.021 s
[15:23:07] [INFO] Loaded script server_scripts:key_mods/thermal.js in 0.004 s
[15:23:07] [INFO] Loaded script server_scripts:key_mods/ae2.js in 0.0 s
[15:23:07] [INFO] Loaded script server_scripts:key_mods/create.js in 0.001 s
[15:23:07] [INFO] Loaded script server_scripts:key_mods/ftbquests.js in 0.0 s
[15:23:07] [INFO] Loaded script server_scripts:key_mods/projectred_core.js in 0.001 s
[15:23:07] [INFO] Loaded script server_scripts:key_mods/tconstruct.js in 0.002 s
[15:23:07] [INFO] Loaded script server_scripts:key_mods/farmersdelight.js in 0.001 s
[15:23:07] [INFO] Loaded script server_scripts:key_mods/architects_palette.js in 0.0 s
[15:23:07] [INFO] Loaded script server_scripts:key_mods/occultism.js in 0.0 s
[15:23:07] [INFO] Loaded script server_scripts:key_mods/waterstrainer.js in 0.0 s
[15:23:07] [INFO] Loaded script server_scripts:quests.js in 0.0 s
[15:23:07] [INFO] Loaded script server_scripts:bonkers_chemistry.js in 0.013 s
[15:23:07] [INFO] Loaded script server_scripts:loot.js in 0.0 s
[15:23:07] [INFO] Loaded script server_scripts:mods/curios.js in 0.0 s
[15:23:07] [INFO] Loaded script server_scripts:mods/create_central_kitchen.js in 0.001 s
[15:23:07] [INFO] Loaded script server_scripts:mods/create_crystal_clear.js in 0.001 s
[15:23:07] [INFO] Loaded script server_scripts:mods/trials.js in 0.0 s
[15:23:07] [INFO] Loaded script server_scripts:mods/supplementaries.js in 0.0 s
[15:23:07] [INFO] Loaded script server_scripts:mods/reliquary.js in 0.001 s
[15:23:07] [INFO] Loaded script server_scripts:mods/prettypipes.js in 0.001 s
[15:23:07] [INFO] Loaded script server_scripts:mods/sophstorage.js in 0.002 s
[15:23:07] [INFO] Loaded script server_scripts:mods/quark.js in 0.001 s
[15:23:07] [INFO] Loaded script server_scripts:mods/projectred_transmission.js in 0.001 s
[15:23:07] [INFO] Loaded script server_scripts:mods/aquaculture.js in 0.0 s
[15:23:07] [INFO] Loaded script server_scripts:mods/dungeoncrawl.js in 0.0 s
[15:23:07] [INFO] Loaded script server_scripts:mods/moreminecarts.js in 0.0 s
[15:23:07] [INFO] Loaded script server_scripts:mods/computercraft.js in 0.0 s
[15:23:07] [INFO] Loaded script server_scripts:mods/biomesoplenty.js in 0.001 s
[15:23:07] [INFO] Loaded script server_scripts:mods/balancedflight.js in 0.0 s
[15:23:07] [INFO] Loaded script server_scripts:mods/functionalstorage.js in 0.001 s
[15:23:07] [INFO] Loaded script server_scripts:mods/projectred_illumination.js in 0.0 s
[15:23:07] [INFO] Loaded script server_scripts:mods/projectred_integration.js in 0.001 s
[15:23:07] [INFO] Loaded script server_scripts:server_compatability/create_enchantment_industry.js in 0.0 s
[15:23:07] [INFO] Loaded script server_scripts:server_compatability/forbidden_arcanus.js in 0.0 s
[15:23:07] [INFO] Loaded script server_scripts:server_compatability/createaddition.js in 0.001 s
[15:23:07] [INFO] Loaded script server_scripts:server_compatability/create_connected.js in 0.0 s
[15:23:07] [INFO] Loaded script server_scripts:server_compatability/create_power_loader.js in 0.0 s
[15:23:07] [INFO] Loaded script server_scripts:server_compatability/createdieselgenerators.js in 0.001 s
[15:23:07] [INFO] Loaded script server_scripts:server_compatability/integrated_stronghold.js in 0.0 s
[15:23:07] [INFO] Loaded script server_scripts:server_compatability/createcasing.js in 0.001 s
[15:23:07] [INFO] Loaded script server_scripts:_cabin_motd.js in 0.0 s
[15:23:07] [INFO] Loaded script server_scripts:startingitems.js in 0.0 s
[15:23:07] [INFO] Loaded script server_scripts:key_mods/ad_astra.js in 0.001 s
[15:23:07] [INFO] Loaded script server_scripts:key_mods/createdeco.js in 0.001 s
[15:23:07] [INFO] Loaded script server_scripts:recipes/trading.js in 0.001 s
[15:23:07] [INFO] Loaded script server_scripts:recipes/illusonaryblocks.js in 0.001 s
[15:23:07] [INFO] Loaded script server_scripts:recipes/alchemy.js in 0.005 s
[15:23:07] [INFO] Loaded script server_scripts:recipes/gem_processing.js in 0.001 s
[15:23:07] [INFO] Loaded script server_scripts:recipes/minecraft.js in 0.0 s
[15:23:07] [INFO] Loaded script server_scripts:recipes/phantomless.js in 0.001 s
[15:23:07] [INFO] Loaded script server_scripts:effectivetools.js in 0.001 s
[15:23:07] [INFO] Loaded script server_scripts:tags.js in 0.007 s
[15:23:07] [INFO] Loaded script server_scripts:auto_reload_lang.js in 0.0 s
[15:23:07] [INFO] Loaded script server_scripts:oregen.js in 0.001 s
[15:23:07] [INFO] Loaded script server_scripts:better_dynamo_placement.js in 0.001 s
[15:23:07] [INFO] Loaded 58/58 KubeJS server scripts in 0.166 s with 0 errors and 0 warnings
[15:23:07] [INFO] Scripts loaded
[15:23:07] [INFO] Initializing recipe event...
[15:23:10] [INFO] [minecraft:block_entity_type] Found 1 tags, added 6 objects, removed 0 objects
[15:23:10] [INFO] [minecraft:item] Found 1339 tags, added 697 objects, removed 4 objects
[15:23:10] [INFO] [minecraft:block] Found 778 tags, added 482 objects, removed 1 objects
[15:23:12] [INFO] Processing recipes...
[15:23:12] [INFO] Found 13258 recipes in 457.9 ms
[15:23:16] [INFO] Posted recipe events in 3.486 s
[15:23:16] [INFO] Added 2024 recipes, removed 1566 recipes, modified 185 recipes, with 0 failed recipes in 345.2 ms
[15:23:34] [INFO] Server resource reload complete!
